<?xml version="1.0" encoding="UTF-8"?>
<!-- Generated by org.testng.reporters.JUnitXMLReporter -->
<testsuite ignored="1" hostname="LAPTOP-03PI1659" failures="2" tests="2" name="Test" time="57.092" errors="0" timestamp="2024-07-13T01:43:35 BST">
  <testcase classname="scripts_Vtiger.Script2" name="organisationScript2" time="0.01">
    <failure type="java.lang.NullPointerException" message="Cannot invoke &amp;quot;pomRepo.OrganisationPage.getOrganisationLink()&amp;quot; because &amp;quot;scripts_Vtiger.Script2.op&amp;quot; is null">
      <![CDATA[java.lang.NullPointerException: Cannot invoke "pomRepo.OrganisationPage.getOrganisationLink()" because "scripts_Vtiger.Script2.op" is null
at scripts_Vtiger.Script2.organisationScript2(Script2.java:17)
at java.base/java.util.ArrayList.forEach(ArrayList.java:1511)
... Removed 27 stack frames]]>
    </failure>
  </testcase> <!-- organisationScript2 -->
  <testcase classname="scripts_Vtiger.Script1" name="script1" time="0.001">
    <failure type="java.lang.Error" message="Unresolved compilation problem: 
	random cannot be resolved to a variable
">
      <![CDATA[java.lang.Error: Unresolved compilation problem: 
random cannot be resolved to a variable

at scripts_Vtiger.Script1.script1(Script1.java:20)
at java.base/java.util.ArrayList.forEach(ArrayList.java:1511)
... Removed 27 stack frames]]>
    </failure>
  </testcase> <!-- script1 -->
  <testcase classname="genriclib.BaseClass" name="@BeforeSuite beforeClass" time="0.0">
    <ignored/>
  </testcase> <!-- @BeforeSuite beforeClass -->
</testsuite> <!-- Test -->
